# JRE version: OpenJDK Runtime Environment (23.0.2+7) (build 23.0.2+7-58)
# Java VM: OpenJDK 64-Bit Server VM (23.0.2+7-58, mixed mode, sharing, tiered, compressed oops, compressed class ptrs, g1 gc, windows-amd64)
GC Precious Log:
 CardTable entry size: 512
 Card Set container configuration: InlinePtr #cards 4 size 8 Array Of Cards #cards 16 size 48 Howl #buckets 8 coarsen threshold 3686 Howl Bitmap #cards 512 size 80 coarsen threshold 460 Card regions per heap region 1 cards per card region 4096
 CPUs: 16 total, 16 available
 Memory: 16087M
 Large Page Support: Disabled
 NUMA Support: Disabled
 Compressed Oops: Enabled (Zero based)
 Heap Region Size: 2M
 Heap Min Capacity: 8M
 Heap Initial Capacity: 252M
 Heap Max Capacity: 4022M
 Pre-touch: Disabled
 Parallel Workers: 13
 Concurrent Workers: 3
 Concurrent Refinement Workers: 13
 Periodic GC: Disabled
Heap:
 garbage-first heap   total reserved 4118528K, committed 59392K, used 22571K [0x0000000704a00000, 0x0000000800000000)
  region size 2048K, 2 young (4096K), 1 survivors (2048K)
 Metaspace       used 33801K, committed 34240K, reserved 1114112K
  class space    used 4261K, committed 4480K, reserved 1048576K
GC Heap History (20 events):
Event: 16.188 GC heap before
{Heap before GC invocations=8 (full 0):
 garbage-first heap   total reserved 4118528K, committed 59392K, used 45277K [0x0000000704a00000, 0x0000000800000000)
  region size 2048K, 16 young (32768K), 2 survivors (4096K)
 Metaspace       used 23324K, committed 23744K, reserved 1114112K
  class space    used 3083K, committed 3264K, reserved 1048576K
}
Event: 16.190 GC heap after
{Heap after GC invocations=9 (full 0):
 garbage-first heap   total reserved 4118528K, committed 59392K, used 16259K [0x0000000704a00000, 0x0000000800000000)
  region size 2048K, 1 young (2048K), 1 survivors (2048K)
 Metaspace       used 23324K, committed 23744K, reserved 1114112K
  class space    used 3083K, committed 3264K, reserved 1048576K
}
Event: 18.569 GC heap before
{Heap before GC invocations=9 (full 0):
 garbage-first heap   total reserved 4118528K, committed 59392K, used 46979K [0x0000000704a00000, 0x0000000800000000)
  region size 2048K, 16 young (32768K), 1 survivors (2048K)
 Metaspace       used 24369K, committed 24832K, reserved 1114112K
  class space    used 3255K, committed 3456K, reserved 1048576K
}
Event: 18.571 GC heap after
{Heap after GC invocations=10 (full 0):
 garbage-first heap   total reserved 4118528K, committed 59392K, used 18187K [0x0000000704a00000, 0x0000000800000000)
  region size 2048K, 2 young (4096K), 2 survivors (4096K)
 Metaspace       used 24369K, committed 24832K, reserved 1114112K
  class space    used 3255K, committed 3456K, reserved 1048576K
}
Event: 21.431 GC heap before
{Heap before GC invocations=10 (full 0):
 garbage-first heap   total reserved 4118528K, committed 59392K, used 46859K [0x0000000704a00000, 0x0000000800000000)
  region size 2048K, 16 young (32768K), 2 survivors (4096K)
 Metaspace       used 24495K, committed 24896K, reserved 1114112K
  class space    used 3260K, committed 3456K, reserved 1048576K
}
Event: 21.434 GC heap after
{Heap after GC invocations=11 (full 0):
 garbage-first heap   total reserved 4118528K, committed 59392K, used 19335K [0x0000000704a00000, 0x0000000800000000)
  region size 2048K, 1 young (2048K), 1 survivors (2048K)
 Metaspace       used 24495K, committed 24896K, reserved 1114112K
  class space    used 3260K, committed 3456K, reserved 1048576K
}
Event: 24.626 GC heap before
{Heap before GC invocations=11 (full 0):
 garbage-first heap   total reserved 4118528K, committed 59392K, used 50055K [0x0000000704a00000, 0x0000000800000000)
  region size 2048K, 16 young (32768K), 1 survivors (2048K)
 Metaspace       used 24523K, committed 24960K, reserved 1114112K
  class space    used 3261K, committed 3456K, reserved 1048576K
}
Event: 24.628 GC heap after
{Heap after GC invocations=12 (full 0):
 garbage-first heap   total reserved 4118528K, committed 59392K, used 19152K [0x0000000704a00000, 0x0000000800000000)
  region size 2048K, 1 young (2048K), 1 survivors (2048K)
 Metaspace       used 24523K, committed 24960K, reserved 1114112K
  class space    used 3261K, committed 3456K, reserved 1048576K
}
Event: 27.777 GC heap before
{Heap before GC invocations=12 (full 0):
 garbage-first heap   total reserved 4118528K, committed 59392K, used 49872K [0x0000000704a00000, 0x0000000800000000)
  region size 2048K, 16 young (32768K), 1 survivors (2048K)
 Metaspace       used 24567K, committed 25024K, reserved 1114112K
  class space    used 3261K, committed 3456K, reserved 1048576K
}
Event: 27.779 GC heap after
{Heap after GC invocations=13 (full 0):
 garbage-first heap   total reserved 4118528K, committed 59392K, used 19064K [0x0000000704a00000, 0x0000000800000000)
  region size 2048K, 1 young (2048K), 1 survivors (2048K)
 Metaspace       used 24567K, committed 25024K, reserved 1114112K
  class space    used 3261K, committed 3456K, reserved 1048576K
}
Event: 30.938 GC heap before
{Heap before GC invocations=13 (full 0):
 garbage-first heap   total reserved 4118528K, committed 59392K, used 51832K [0x0000000704a00000, 0x0000000800000000)
  region size 2048K, 17 young (34816K), 1 survivors (2048K)
 Metaspace       used 24617K, committed 25024K, reserved 1114112K
  class space    used 3268K, committed 3456K, reserved 1048576K
}
Event: 30.940 GC heap after
{Heap after GC invocations=14 (full 0):
 garbage-first heap   total reserved 4118528K, committed 59392K, used 19434K [0x0000000704a00000, 0x0000000800000000)
  region size 2048K, 1 young (2048K), 1 survivors (2048K)
 Metaspace       used 24617K, committed 25024K, reserved 1114112K
  class space    used 3268K, committed 3456K, reserved 1048576K
}
Event: 33.572 GC heap before
{Heap before GC invocations=14 (full 0):
 garbage-first heap   total reserved 4118528K, committed 59392K, used 50154K [0x0000000704a00000, 0x0000000800000000)
  region size 2048K, 17 young (34816K), 1 survivors (2048K)
 Metaspace       used 26518K, committed 26944K, reserved 1114112K
  class space    used 3480K, committed 3712K, reserved 1048576K
}
Event: 33.575 GC heap after
{Heap after GC invocations=15 (full 0):
 garbage-first heap   total reserved 4118528K, committed 59392K, used 19637K [0x0000000704a00000, 0x0000000800000000)
  region size 2048K, 1 young (2048K), 1 survivors (2048K)
 Metaspace       used 26518K, committed 26944K, reserved 1114112K
  class space    used 3480K, committed 3712K, reserved 1048576K
}
Event: 81.376 GC heap before
{Heap before GC invocations=15 (full 0):
 garbage-first heap   total reserved 4118528K, committed 59392K, used 50357K [0x0000000704a00000, 0x0000000800000000)
  region size 2048K, 17 young (34816K), 1 survivors (2048K)
 Metaspace       used 33585K, committed 34112K, reserved 1114112K
  class space    used 4258K, committed 4480K, reserved 1048576K
}
Event: 81.378 GC heap after
{Heap after GC invocations=16 (full 0):
 garbage-first heap   total reserved 4118528K, committed 59392K, used 22034K [0x0000000704a00000, 0x0000000800000000)
  region size 2048K, 3 young (6144K), 3 survivors (6144K)
 Metaspace       used 33585K, committed 34112K, reserved 1114112K
  class space    used 4258K, committed 4480K, reserved 1048576K
}
Event: 83.860 GC heap before
{Heap before GC invocations=16 (full 0):
 garbage-first heap   total reserved 4118528K, committed 59392K, used 46610K [0x0000000704a00000, 0x0000000800000000)
  region size 2048K, 15 young (30720K), 3 survivors (6144K)
 Metaspace       used 33616K, committed 34112K, reserved 1114112K
  class space    used 4258K, committed 4480K, reserved 1048576K
}
Event: 83.863 GC heap after
{Heap after GC invocations=17 (full 0):
 garbage-first heap   total reserved 4118528K, committed 59392K, used 23216K [0x0000000704a00000, 0x0000000800000000)
  region size 2048K, 1 young (2048K), 1 survivors (2048K)
 Metaspace       used 33616K, committed 34112K, reserved 1114112K
  class space    used 4258K, committed 4480K, reserved 1048576K
}
Event: 327.383 GC heap before
{Heap before GC invocations=17 (full 0):
 garbage-first heap   total reserved 4118528K, committed 59392K, used 51888K [0x0000000704a00000, 0x0000000800000000)
  region size 2048K, 15 young (30720K), 1 survivors (2048K)
 Metaspace       used 33793K, committed 34240K, reserved 1114112K
  class space    used 4259K, committed 4480K, reserved 1048576K
}
Event: 327.385 GC heap after
{Heap after GC invocations=18 (full 0):
 garbage-first heap   total reserved 4118528K, committed 59392K, used 22571K [0x0000000704a00000, 0x0000000800000000)
  region size 2048K, 1 young (2048K), 1 survivors (2048K)
 Metaspace       used 33793K, committed 34240K, reserved 1114112K
  class space    used 4259K, committed 4480K, reserved 1048576K
}

